<?xml version="1.0" encoding="UTF-8"?>
<!-- Generated by org.testng.reporters.JUnitXMLReporter -->
<testsuite hostname="vmt10268" ignored="0" name="Default test" tests="4" failures="0" timestamp="2021-03-29T17:07:12 IST" time="46.292" errors="0">
  <testcase name="verfiyLocators" time="2.278" classname="com.valuemomentum.retail.testautomation.test.FrameWork"/>
  <testcase name="verifyLogin" time="13.124" classname="com.valuemomentum.retail.testautomation.test.FrameWork"/>
  <testcase name="verifyLogin" time="12.793" classname="com.valuemomentum.retail.testautomation.test.FrameWork"/>
  <testcase name="verifyLogin" time="12.937" classname="com.valuemomentum.retail.testautomation.test.FrameWork"/>
</testsuite> <!-- Default test -->
