<?xml version="1.0" encoding="UTF-8"?>
<!-- Generated by org.testng.reporters.JUnitXMLReporter -->
<testsuite hostname="vmt10384" ignored="0" name="Assessment Tests" tests="3" failures="0" timestamp="2021-03-18T07:43:36 IST" time="112.693" errors="0">
  <testcase name="gitHub" time="4.684" classname="com.training.retail.automationtesting.AssesmentFinal"/>
  <testcase name="amazon" time="20.31" classname="com.training.retail.automationtesting.AssesmentFinal"/>
  <testcase name="medplus" time="83.694" classname="com.training.retail.automationtesting.AssesmentFinal"/>
</testsuite> <!-- Assessment Tests -->
